mode: set
github.com/ezeev/solrg/solrschema.go:9.82,15.16 5 1
github.com/ezeev/solrg/solrschema.go:19.2,21.16 3 1
github.com/ezeev/solrg/solrschema.go:24.2,25.16 2 1
github.com/ezeev/solrg/solrschema.go:28.2,28.28 1 1
github.com/ezeev/solrg/solrschema.go:15.16,17.3 1 0
github.com/ezeev/solrg/solrschema.go:21.16,23.3 1 0
github.com/ezeev/solrg/solrschema.go:25.16,27.3 1 0
github.com/ezeev/solrg/solrclient.go:17.22,18.16 1 1
github.com/ezeev/solrg/solrclient.go:18.16,19.13 1 0
github.com/ezeev/solrg/solrclient.go:24.59,28.2 3 1
github.com/ezeev/solrg/solrclient.go:30.63,36.2 5 1
github.com/ezeev/solrg/solrclient.go:42.52,44.2 1 1
github.com/ezeev/solrg/solrclient.go:61.55,66.2 4 1
github.com/ezeev/solrg/solrclient.go:69.59,72.28 2 1
github.com/ezeev/solrg/solrclient.go:87.2,87.27 1 1
github.com/ezeev/solrg/solrclient.go:72.28,74.17 2 1
github.com/ezeev/solrg/solrclient.go:78.3,80.24 2 1
github.com/ezeev/solrg/solrclient.go:83.3,85.23 3 1
github.com/ezeev/solrg/solrclient.go:74.17,77.4 2 0
github.com/ezeev/solrg/solrclient.go:80.24,82.4 1 1
github.com/ezeev/solrg/solrclient.go:91.139,103.16 8 1
github.com/ezeev/solrg/solrclient.go:106.2,108.28 2 1
github.com/ezeev/solrg/solrclient.go:114.2,116.16 3 1
github.com/ezeev/solrg/solrclient.go:119.2,120.16 2 1
github.com/ezeev/solrg/solrclient.go:123.2,123.23 1 1
github.com/ezeev/solrg/solrclient.go:103.16,105.3 1 0
github.com/ezeev/solrg/solrclient.go:108.28,111.3 2 0
github.com/ezeev/solrg/solrclient.go:116.16,118.3 1 0
github.com/ezeev/solrg/solrclient.go:120.16,122.3 1 0
github.com/ezeev/solrg/solrclient.go:128.46,130.22 1 1
github.com/ezeev/solrg/solrclient.go:133.2,133.22 1 1
github.com/ezeev/solrg/solrclient.go:137.2,137.39 1 1
github.com/ezeev/solrg/solrclient.go:143.2,143.45 1 1
github.com/ezeev/solrg/solrclient.go:130.22,132.3 1 1
github.com/ezeev/solrg/solrclient.go:133.22,135.3 1 1
github.com/ezeev/solrg/solrclient.go:137.39,140.3 1 1
github.com/ezeev/solrg/solrclient.go:140.8,142.3 1 1
github.com/ezeev/solrg/solrclient.go:148.59,158.16 4 1
github.com/ezeev/solrg/solrclient.go:162.2,162.28 1 1
github.com/ezeev/solrg/solrclient.go:167.2,167.12 1 1
github.com/ezeev/solrg/solrclient.go:158.16,160.3 1 0
github.com/ezeev/solrg/solrclient.go:162.28,165.3 2 0
github.com/ezeev/solrg/solrclient.go:177.80,185.16 5 1
github.com/ezeev/solrg/solrclient.go:189.2,196.16 5 1
github.com/ezeev/solrg/solrclient.go:199.2,201.28 2 1
github.com/ezeev/solrg/solrclient.go:205.2,205.12 1 1
github.com/ezeev/solrg/solrclient.go:185.16,187.3 1 0
github.com/ezeev/solrg/solrclient.go:196.16,198.3 1 0
github.com/ezeev/solrg/solrclient.go:201.28,204.3 2 0
github.com/ezeev/solrg/solrclient.go:208.86,211.16 3 1
github.com/ezeev/solrg/solrclient.go:215.2,222.16 5 1
github.com/ezeev/solrg/solrclient.go:225.2,227.28 2 1
github.com/ezeev/solrg/solrclient.go:231.2,231.12 1 1
github.com/ezeev/solrg/solrclient.go:211.16,213.3 1 0
github.com/ezeev/solrg/solrclient.go:222.16,224.3 1 0
github.com/ezeev/solrg/solrclient.go:227.28,230.3 2 0
github.com/ezeev/solrg/solrclient.go:235.93,240.16 4 1
github.com/ezeev/solrg/solrclient.go:243.2,250.16 5 1
github.com/ezeev/solrg/solrclient.go:253.2,255.28 2 1
github.com/ezeev/solrg/solrclient.go:259.2,259.12 1 1
github.com/ezeev/solrg/solrclient.go:240.16,242.3 1 0
github.com/ezeev/solrg/solrclient.go:250.16,252.3 1 0
github.com/ezeev/solrg/solrclient.go:255.28,258.3 2 0
github.com/ezeev/solrg/solrclient.go:263.120,272.16 4 1
github.com/ezeev/solrg/solrclient.go:275.2,278.16 4 1
github.com/ezeev/solrg/solrclient.go:281.2,283.21 2 1
github.com/ezeev/solrg/solrclient.go:292.2,292.12 1 0
github.com/ezeev/solrg/solrclient.go:272.16,274.3 1 0
github.com/ezeev/solrg/solrclient.go:278.16,280.3 1 0
github.com/ezeev/solrg/solrclient.go:283.21,286.3 1 1
github.com/ezeev/solrg/solrclient.go:286.8,286.28 1 1
github.com/ezeev/solrg/solrclient.go:286.28,287.87 1 1
github.com/ezeev/solrg/solrclient.go:290.3,290.89 1 0
github.com/ezeev/solrg/solrclient.go:287.87,289.4 1 1
github.com/ezeev/solrg/solrclient.go:296.59,301.16 4 1
github.com/ezeev/solrg/solrclient.go:304.2,307.16 4 1
github.com/ezeev/solrg/solrclient.go:310.2,311.21 2 1
github.com/ezeev/solrg/solrclient.go:316.2,316.12 1 0
github.com/ezeev/solrg/solrclient.go:301.16,303.3 1 0
github.com/ezeev/solrg/solrclient.go:307.16,309.3 1 0
github.com/ezeev/solrg/solrclient.go:311.21,313.3 1 1
github.com/ezeev/solrg/solrclient.go:313.8,313.28 1 1
github.com/ezeev/solrg/solrclient.go:313.28,315.3 1 1
github.com/ezeev/solrg/solrdoc.go:9.46,14.2 4 1
github.com/ezeev/solrg/solrdoc.go:22.64,24.2 1 1
github.com/ezeev/solrg/solrdoc.go:27.65,28.36 1 1
github.com/ezeev/solrg/solrdoc.go:31.2,31.100 1 1
github.com/ezeev/solrg/solrdoc.go:28.36,30.3 1 1
github.com/ezeev/solrg/solrdoc.go:35.50,38.2 2 1
github.com/ezeev/solrg/solrdoc.go:41.52,44.2 2 1
github.com/ezeev/solrg/solrdoc.go:47.37,48.22 1 1
github.com/ezeev/solrg/solrdoc.go:51.2,51.27 1 1
github.com/ezeev/solrg/solrdoc.go:48.22,50.3 1 0
github.com/ezeev/solrg/solrdoc.go:55.42,57.2 1 0
github.com/ezeev/solrg/solrdoccoll.go:14.57,18.2 3 1
github.com/ezeev/solrg/solrdoccoll.go:21.67,22.20 1 1
github.com/ezeev/solrg/solrdoccoll.go:25.2,26.12 2 1
github.com/ezeev/solrg/solrdoccoll.go:22.20,24.3 1 0
github.com/ezeev/solrg/solrdoccoll.go:30.57,32.2 1 1
github.com/ezeev/solrg/solrdoccoll.go:35.63,38.29 2 1
github.com/ezeev/solrg/solrdoccoll.go:45.2,45.35 1 1
github.com/ezeev/solrg/solrdoccoll.go:48.2,48.17 1 1
github.com/ezeev/solrg/solrdoccoll.go:38.29,40.17 2 1
github.com/ezeev/solrg/solrdoccoll.go:43.3,43.27 1 1
github.com/ezeev/solrg/solrdoccoll.go:40.17,42.4 1 0
github.com/ezeev/solrg/solrdoccoll.go:45.35,47.3 1 1
github.com/ezeev/solrg/solrdoccoll.go:52.67,54.2 1 1
github.com/ezeev/solrg/solrdoccoll.go:57.50,59.2 1 1
github.com/ezeev/solrg/solrparams.go:27.56,29.49 2 1
github.com/ezeev/solrg/solrparams.go:37.2,38.12 2 1
github.com/ezeev/solrg/solrparams.go:29.49,31.50 2 1
github.com/ezeev/solrg/solrparams.go:34.3,35.13 2 1
github.com/ezeev/solrg/solrparams.go:31.50,33.4 1 0
github.com/ezeev/solrg/solrparams.go:41.57,43.49 2 0
github.com/ezeev/solrg/solrparams.go:51.2,52.12 2 0
github.com/ezeev/solrg/solrparams.go:43.49,45.50 2 0
github.com/ezeev/solrg/solrparams.go:48.3,49.13 2 0
github.com/ezeev/solrg/solrparams.go:45.50,47.4 1 0
github.com/ezeev/solrg/solrresp.go:46.62,47.32 1 1
github.com/ezeev/solrg/solrresp.go:50.2,50.14 1 0
github.com/ezeev/solrg/solrresp.go:47.32,49.3 1 1
github.com/ezeev/solrg/solrresp.go:54.62,57.29 1 1
github.com/ezeev/solrg/solrresp.go:61.2,62.10 2 1
github.com/ezeev/solrg/solrresp.go:57.29,59.3 1 0
github.com/ezeev/solrg/solrresp.go:66.73,68.8 2 0
github.com/ezeev/solrg/solrresp.go:71.2,71.74 1 0
github.com/ezeev/solrg/solrresp.go:68.8,70.3 1 0
github.com/ezeev/solrg/solrresp.go:75.69,77.9 2 0
github.com/ezeev/solrg/solrresp.go:80.2,80.22 1 0
github.com/ezeev/solrg/solrresp.go:77.9,79.3 1 0
github.com/ezeev/solrg/solrresp.go:84.77,86.8 2 0
github.com/ezeev/solrg/solrresp.go:89.2,89.82 1 0
github.com/ezeev/solrg/solrresp.go:86.8,88.3 1 0
github.com/ezeev/solrg/solrresp.go:93.78,95.9 2 0
github.com/ezeev/solrg/solrresp.go:98.2,99.22 2 0
github.com/ezeev/solrg/solrresp.go:102.2,102.22 1 0
github.com/ezeev/solrg/solrresp.go:95.9,97.3 1 0
github.com/ezeev/solrg/solrresp.go:99.22,101.3 1 0
